Loading required package: methods

Attaching package: ‘dplyr’

The following objects are masked from ‘package:plyr’:

    arrange, count, desc, failwith, id, mutate, rename, summarise,
    summarize

The following objects are masked from ‘package:stats’:

    filter, lag

The following objects are masked from ‘package:base’:

    intersect, setdiff, setequal, union

Loading required package: foreach
Loading required package: doMC
Loading required package: iterators
Loading required package: parallel
Loading required package: DriftR
Loading required package: tidyr
Loading required package: compiler
Loading required package: gridExtra

Attaching package: ‘gridExtra’

The following object is masked from ‘package:dplyr’:

    combine

Loading required package: grid

Listening on http://127.0.0.1:5008
Note: the specification for S3 class “AsIs” in package ‘jsonlite’ seems equivalent to one from package ‘DBI’: not turning on duplicate class definitions for this class.
Done  10 %
Done  10 %
Done  10 %
Done  10 %
Done  10 %
Done  10 %
Done  10 %
Done  20 %
Done  20 %
Done  20 %
Done  20 %
Done  20 %
Done  20 %
Done  20 %
Done  30 %
Done  30 %
Done  30 %
Done  30 %
Done  30 %
Done  30 %
Done  30 %
Done  40 %
Done  40 %
Done  40 %
Done  40 %
Done  40 %
Done  40 %
Done  40 %
Done  50 %
Done  50 %
Done  50 %
Done  50 %
Done  50 %
Done  50 %
Done  50 %
Done  60 %
Done  60 %
Done  60 %
Done  60 %
Done  60 %
Done  60 %
Done  60 %
Done  70 %
Done  70 %
Done  70 %
Done  70 %
Done  70 %
Done  70 %
Done  70 %
Done  80 %
Done  80 %
Done  80 %
Done  80 %
Done  80 %
Done  80 %
Done  80 %
Done  90 %
Done  90 %
Done  90 %
Done  90 %
Done  90 %
Done  90 %
Done  90 %
Warning in gzfile(file, "rb") :
  cannot open compressed file 'data/Louis_TdTom_APChom_8frac_mat.rds', probable reason 'No such file or directory'
Adding missing grouping variables: `Day`
Adding missing grouping variables: `Day`
Adding missing grouping variables: `Day`
Adding missing grouping variables: `Day`
Adding missing grouping variables: `Day`
Adding missing grouping variables: `Day`
Adding missing grouping variables: `Day`
Adding missing grouping variables: `Day`
Adding missing grouping variables: `Day`
Adding missing grouping variables: `Day`
Adding missing grouping variables: `Day`
Adding missing grouping variables: `Day`
Adding missing grouping variables: `Day`
Adding missing grouping variables: `Day`

Execution halted
